<?xml version="1.0" encoding="UTF-8"?>
<testsuite xmlns:xsi="http://www.w3.org/2001/XMLSchema-instance" xsi:noNamespaceSchemaLocation="https://maven.apache.org/surefire/maven-surefire-plugin/xsd/surefire-test-report.xsd" name="TestSuite" time="32.627" tests="3" errors="0" skipped="0" failures="0">
  <properties>
[...]
</properties>
  <testcase name="logIn" classname="TestScripts" time="4.422"/>
  <testcase name="profileNavigateCheck" classname="TestScripts" time="8.745"/>
  <testcase name="UpdatePicCheck" classname="TestScripts" time="13.246"/>
</testsuite>