<?xml version="1.0" encoding="UTF-8"?>
<testng-results skipped="0" failed="0" ignored="0" total="3" passed="3">
  <reporter-output>
  </reporter-output>
  <suite name="SeleniumEdureka" duration-ms="28157" started-at="2018-10-22T10:07:21Z" finished-at="2018-10-22T10:07:49Z">
    <groups>
    </groups>
    <test name="UploadingPic" duration-ms="28157" started-at="2018-10-22T10:07:21Z" finished-at="2018-10-22T10:07:49Z">
      <class name="TestScripts">
        <test-method status="PASS" signature="launchEdureka()[pri:0, instance:TestScripts@60f82f98]" name="launchEdureka" is-config="true" duration-ms="6641" started-at="2018-10-22T12:07:15Z" finished-at="2018-10-22T12:07:21Z">
          <reporter-output>
          </reporter-output>
        </test-method> <!-- launchEdureka -->
        <test-method status="PASS" signature="logIn()[pri:0, instance:TestScripts@60f82f98]" name="logIn" duration-ms="4400" started-at="2018-10-22T12:07:21Z" finished-at="2018-10-22T12:07:26Z">
          <reporter-output>
          </reporter-output>
        </test-method> <!-- logIn -->
        <test-method status="PASS" signature="profileNavigateCheck()[pri:0, instance:TestScripts@60f82f98]" name="profileNavigateCheck" duration-ms="7997" started-at="2018-10-22T12:07:26Z" depends-on-methods="TestScripts.logIn" finished-at="2018-10-22T12:07:34Z">
          <reporter-output>
          </reporter-output>
        </test-method> <!-- profileNavigateCheck -->
        <test-method status="PASS" signature="UpdatePicCheck()[pri:0, instance:TestScripts@60f82f98]" name="UpdatePicCheck" duration-ms="15739" started-at="2018-10-22T12:07:34Z" depends-on-methods="TestScripts.profileNavigateCheck" finished-at="2018-10-22T12:07:49Z">
          <reporter-output>
          </reporter-output>
        </test-method> <!-- UpdatePicCheck -->
        <test-method status="PASS" signature="closeBrowser()[pri:0, instance:TestScripts@60f82f98]" name="closeBrowser" is-config="true" duration-ms="150" started-at="2018-10-22T12:07:49Z" finished-at="2018-10-22T12:07:50Z">
          <reporter-output>
          </reporter-output>
        </test-method> <!-- closeBrowser -->
      </class> <!-- TestScripts -->
    </test> <!-- UploadingPic -->
  </suite> <!-- SeleniumEdureka -->
</testng-results>
